<?xml version="1.0" encoding="UTF-8"?>
<!-- Generated by org.testng.reporters.JUnitReportReporter -->
<testsuite skipped="0" hostname="MJLT-1563" name="com.testScripts_mjunction.TG1_TC_Indent_03_Creation_with_approval_Reviewed_to_creator" tests="1" failures="0" timestamp="2021-03-30T12:36:33 IST" time="616.992" errors="0">
  <testcase name="Indent_creation_with_approval_Reviewed" time="616.992" classname="com.testScripts_mjunction.TG1_TC_Indent_03_Creation_with_approval_Reviewed_to_creator"/>
</testsuite> <!-- com.testScripts_mjunction.TG1_TC_Indent_03_Creation_with_approval_Reviewed_to_creator -->
