<?xml version="1.0" encoding="UTF-8"?>
<!-- Generated by org.testng.reporters.JUnitReportReporter -->
<testsuite skipped="0" hostname="LAPTOP-VN95KBM3" name="com.testScripts_mjunction.TC_EVAL_13OpenTenderBidpart1withBidOpeningApprovalandEvaluatorTest" tests="1" failures="0" timestamp="2020-04-03T14:16:42 IST" time="1467.722" errors="0">
  <testcase name="f" time="1467.722" classname="com.testScripts_mjunction.TC_EVAL_13OpenTenderBidpart1withBidOpeningApprovalandEvaluatorTest"/>
  <system-out/>
</testsuite> <!-- com.testScripts_mjunction.TC_EVAL_13OpenTenderBidpart1withBidOpeningApprovalandEvaluatorTest -->
