<?xml version="1.0" encoding="UTF-8"?>
<!-- Generated by org.testng.reporters.JUnitReportReporter -->
<testsuite skipped="0" hostname="MJLT-1563" name="com.testScripts_mjunction.TG1_TC_BidSubmission_09_verifying_Withdraw_functionality" tests="1" failures="0" timestamp="2021-03-30T17:28:06 IST" time="1200.412" errors="0">
  <testcase name="Verifying_Withdrawbid_functionality" time="1200.412" classname="com.testScripts_mjunction.TG1_TC_BidSubmission_09_verifying_Withdraw_functionality"/>
</testsuite> <!-- com.testScripts_mjunction.TG1_TC_BidSubmission_09_verifying_Withdraw_functionality -->
