<?xml version="1.0" encoding="UTF-8"?>
<!-- Generated by org.testng.reporters.JUnitReportReporter -->
<testsuite skipped="0" hostname="MJLT-1411" name="com.testScripts_mjunction.TC_SN_15VerifyRFQIdInCompletedTenderListAfterCreatingTender" tests="1" failures="0" timestamp="11 Nov 2020 08:00:01 GMT" time="601.859" errors="0">
  <testcase name="f" time="601.859" classname="com.testScripts_mjunction.TC_SN_15VerifyRFQIdInCompletedTenderListAfterCreatingTender"/>
</testsuite> <!-- com.testScripts_mjunction.TC_SN_15VerifyRFQIdInCompletedTenderListAfterCreatingTender -->
