<?xml version="1.0" encoding="UTF-8"?>
<!-- Generated by org.testng.reporters.JUnitReportReporter -->
<testsuite skipped="0" hostname="MJLT-1411" name="com.testScripts_mjunction.TC_SN_19VerifyRFQIdInCompletedTenderListWithEvaluationTenderStage" tests="1" failures="0" timestamp="12 Nov 2020 16:09:42 GMT" time="1462.360" errors="0">
  <testcase name="f" time="1462.360" classname="com.testScripts_mjunction.TC_SN_19VerifyRFQIdInCompletedTenderListWithEvaluationTenderStage"/>
</testsuite> <!-- com.testScripts_mjunction.TC_SN_19VerifyRFQIdInCompletedTenderListWithEvaluationTenderStage -->
