<?xml version="1.0" encoding="UTF-8"?>
<!-- Generated by org.testng.reporters.JUnitReportReporter -->
<testsuite skipped="0" hostname="MJLT-1563" name="com.testScripts_mjunction.TC_TenderCreation_01_tender_publish_with_tender_approval" tests="1" failures="0" timestamp="2021-03-31T11:30:43 IST" time="1297.601" errors="0">
  <testcase name="Tenderpublished_after_tender_approval" time="1297.601" classname="com.testScripts_mjunction.TC_TenderCreation_01_tender_publish_with_tender_approval"/>
</testsuite> <!-- com.testScripts_mjunction.TC_TenderCreation_01_tender_publish_with_tender_approval -->
