<?xml version="1.0" encoding="UTF-8"?>
<!-- Generated by org.testng.reporters.JUnitReportReporter -->
<testsuite skipped="0" hostname="MJLT-1411" name="com.testScripts_mjunction.TC_SN_17VerifyRFQIdInCompletedTenderListWithOpenForBidSubmissionTenderStage" tests="1" failures="0" timestamp="12 Nov 2020 07:52:06 GMT" time="769.257" errors="0">
  <testcase name="f" time="769.257" classname="com.testScripts_mjunction.TC_SN_17VerifyRFQIdInCompletedTenderListWithOpenForBidSubmissionTenderStage"/>
</testsuite> <!-- com.testScripts_mjunction.TC_SN_17VerifyRFQIdInCompletedTenderListWithOpenForBidSubmissionTenderStage -->
