<?xml version="1.0" encoding="UTF-8"?>
<!-- Generated by org.testng.reporters.JUnitReportReporter -->
<testsuite skipped="0" hostname="MJLT-1411" name="com.testScripts_mjunction.TG3_TC_BidSubmission_07_verifying_Rebid_functionality" tests="1" failures="0" timestamp="19 Mar 2021 06:55:44 GMT" time="748.035" errors="0">
  <testcase name="Verifying_Rebid_functionality_TG3" time="748.035" classname="com.testScripts_mjunction.TG3_TC_BidSubmission_07_verifying_Rebid_functionality"/>
</testsuite> <!-- com.testScripts_mjunction.TG3_TC_BidSubmission_07_verifying_Rebid_functionality -->
