<?xml version="1.0" encoding="UTF-8"?>
<!-- Generated by org.testng.reporters.JUnitReportReporter -->
<testsuite skipped="0" hostname="LAPTOP-VN95KBM3" name="com.testScripts_mjunction.TC_Eval_05_EvaluateOpenedTenderWithBidPart2EvaluateCover1_Cover2Test" tests="1" failures="0" timestamp="2020-04-02T10:55:20 IST" time="2302.409" errors="0">
  <testcase name="validateEvaluationWorkFlowCover1Cover2WithApprovalRequired" time="2302.409" classname="com.testScripts_mjunction.TC_Eval_05_EvaluateOpenedTenderWithBidPart2EvaluateCover1_Cover2Test"/>
  <system-out/>
</testsuite> <!-- com.testScripts_mjunction.TC_Eval_05_EvaluateOpenedTenderWithBidPart2EvaluateCover1_Cover2Test -->
