<?xml version="1.0" encoding="UTF-8"?>
<!-- Generated by org.testng.reporters.JUnitReportReporter -->
<testsuite skipped="0" hostname="MJLT-1411" name="com.testScripts_mjunction.TC_Indent_02_Creation_with_No_approval" tests="1" failures="0" timestamp="29 Jan 2021 15:45:09 GMT" time="310.781" errors="0">
  <testcase name="Indent_creation_with_No_approval" time="310.781" classname="com.testScripts_mjunction.TC_Indent_02_Creation_with_No_approval"/>
</testsuite> <!-- com.testScripts_mjunction.TC_Indent_02_Creation_with_No_approval -->
