<?xml version="1.0" encoding="UTF-8"?>
<!-- Generated by org.testng.reporters.JUnitReportReporter -->
<testsuite skipped="0" hostname="MJLT-1411" name="com.testScripts_mjunction.TG1_TC_Evaluation_14_Openingapproval_Y_Evaluationapproval_N_RejectOnebidder" tests="1" failures="0" timestamp="24 Feb 2021 13:35:47 GMT" time="3774.622" errors="0">
  <testcase name="Tender_Evaluation_with_OpeningApproval_Y_Evaluationapproval_N_RejectOnebidder" time="3774.622" classname="com.testScripts_mjunction.TG1_TC_Evaluation_14_Openingapproval_Y_Evaluationapproval_N_RejectOnebidder"/>
</testsuite> <!-- com.testScripts_mjunction.TG1_TC_Evaluation_14_Openingapproval_Y_Evaluationapproval_N_RejectOnebidder -->
