<?xml version="1.0" encoding="UTF-8"?>
<!-- Generated by org.testng.reporters.JUnitReportReporter -->
<testsuite skipped="0" hostname="MJLT-1411" name="com.testScripts_mjunction.TC_SN_02VerifyEndToEndWorkFlowOfSanctionNoteWithUserdefinedWorkFlowTest" tests="1" failures="0" timestamp="13 Nov 2020 06:38:50 GMT" time="1005.840" errors="0">
  <testcase name="f" time="1005.840" classname="com.testScripts_mjunction.TC_SN_02VerifyEndToEndWorkFlowOfSanctionNoteWithUserdefinedWorkFlowTest"/>
</testsuite> <!-- com.testScripts_mjunction.TC_SN_02VerifyEndToEndWorkFlowOfSanctionNoteWithUserdefinedWorkFlowTest -->
