<?xml version="1.0" encoding="UTF-8"?>
<!-- Generated by org.testng.reporters.JUnitReportReporter -->
<testsuite skipped="0" hostname="MJLT-1411" name="com.testScripts_mjunction.TC_SN_20CreateSanctionNoteWithApproverAndStagePendingForApprover" tests="1" failures="0" timestamp="10 Nov 2020 05:10:49 GMT" time="1264.219" errors="0">
  <testcase name="f" time="1264.219" classname="com.testScripts_mjunction.TC_SN_20CreateSanctionNoteWithApproverAndStagePendingForApprover"/>
</testsuite> <!-- com.testScripts_mjunction.TC_SN_20CreateSanctionNoteWithApproverAndStagePendingForApprover -->
