<?xml version="1.0" encoding="UTF-8"?>
<!-- Generated by org.testng.reporters.JUnitReportReporter -->
<testsuite skipped="0" hostname="LAPTOP-VN95KBM3" name="com.testScripts_mjunction.TC_Bid_S_16OpenTenderDraftBidBidsubmissionTest" tests="1" failures="0" timestamp="2020-04-02T16:50:19 IST" time="587.933" errors="0">
  <testcase name="f" time="587.933" classname="com.testScripts_mjunction.TC_Bid_S_16OpenTenderDraftBidBidsubmissionTest"/>
  <system-out/>
</testsuite> <!-- com.testScripts_mjunction.TC_Bid_S_16OpenTenderDraftBidBidsubmissionTest -->
