<?xml version="1.0" encoding="UTF-8"?>
<!-- Generated by org.testng.reporters.JUnitReportReporter -->
<testsuite skipped="0" hostname="MJLT-1563" name="com.testScripts_mjunction.TC_Evaluation_10_Openingapproval_Y_Evaluationapproval_N" tests="1" failures="0" timestamp="2021-03-31T15:21:56 IST" time="3001.707" errors="0">
  <testcase name="Tender_Evaluation_with_OpeningApproval_Y_Evaluationapproval_N" time="3001.707" classname="com.testScripts_mjunction.TC_Evaluation_10_Openingapproval_Y_Evaluationapproval_N"/>
</testsuite> <!-- com.testScripts_mjunction.TC_Evaluation_10_Openingapproval_Y_Evaluationapproval_N -->
