<?xml version="1.0" encoding="UTF-8"?>
<!-- Generated by org.testng.reporters.JUnitReportReporter -->
<testsuite skipped="0" hostname="MJLT-1411" name="com.testScripts_mjunction.TC_SN_18VerifyRFQIdInCompletedTenderListWithBidSubmissionClosedTenderStage" tests="1" failures="0" timestamp="12 Nov 2020 15:41:57 GMT" time="1416.820" errors="0">
  <testcase name="f" time="1416.820" classname="com.testScripts_mjunction.TC_SN_18VerifyRFQIdInCompletedTenderListWithBidSubmissionClosedTenderStage"/>
</testsuite> <!-- com.testScripts_mjunction.TC_SN_18VerifyRFQIdInCompletedTenderListWithBidSubmissionClosedTenderStage -->
