<?xml version="1.0" encoding="UTF-8"?>
<!-- Generated by org.testng.reporters.JUnitReportReporter -->
<testsuite skipped="0" hostname="MJLT-1411" name="com.testScripts_mjunction.TC_Indent_05_Assignment_Process_Self_Claim" tests="1" failures="0" timestamp="01 Feb 2021 08:26:27 GMT" time="436.126" errors="0">
  <testcase name="Verifying_indent_AssignmentProcess_selfClaim" time="436.126" classname="com.testScripts_mjunction.TC_Indent_05_Assignment_Process_Self_Claim"/>
</testsuite> <!-- com.testScripts_mjunction.TC_Indent_05_Assignment_Process_Self_Claim -->
