<?xml version="1.0" encoding="UTF-8"?>
<!-- Generated by org.testng.reporters.JUnitReportReporter -->
<testsuite skipped="0" hostname="MJLT-1411" name="com.testScripts_mjunction.TC_Indent_07_Assignment_Process_Revert_to_Indent_creator" tests="1" failures="0" timestamp="02 Feb 2021 06:28:22 GMT" time="523.591" errors="0">
  <testcase name="Verifying_indent_AssignmentProcess_selfClaim_Revert_to_Indent_creator" time="523.591" classname="com.testScripts_mjunction.TC_Indent_07_Assignment_Process_Revert_to_Indent_creator"/>
</testsuite> <!-- com.testScripts_mjunction.TC_Indent_07_Assignment_Process_Revert_to_Indent_creator -->
