<?xml version="1.0" encoding="UTF-8"?>
<!-- Generated by org.testng.reporters.JUnitReportReporter -->
<testsuite skipped="0" hostname="MJLT-1563" name="com.testScripts_mjunction.TG1_TC_TenderCreation_01_tender_publish_with_tender_approval" tests="1" failures="0" timestamp="2021-03-30T14:26:51 IST" time="1672.366" errors="0">
  <testcase name="Tenderpublished_after_tender_approval_TG1" time="1672.366" classname="com.testScripts_mjunction.TG1_TC_TenderCreation_01_tender_publish_with_tender_approval"/>
</testsuite> <!-- com.testScripts_mjunction.TG1_TC_TenderCreation_01_tender_publish_with_tender_approval -->
