<?xml version="1.0" encoding="UTF-8"?>
<!-- Generated by org.testng.reporters.JUnitReportReporter -->
<testsuite skipped="0" hostname="MJLT-1411" name="com.testScripts_mjunction.TC_SN_47SanctionNoteWithAttachmentTest" tests="1" failures="0" timestamp="10 Nov 2020 11:32:07 GMT" time="848.500" errors="0">
  <testcase name="f" time="848.500" classname="com.testScripts_mjunction.TC_SN_47SanctionNoteWithAttachmentTest"/>
</testsuite> <!-- com.testScripts_mjunction.TC_SN_47SanctionNoteWithAttachmentTest -->
