<?xml version="1.0" encoding="UTF-8"?>
<!-- Generated by org.testng.reporters.JUnitReportReporter -->
<testsuite skipped="0" hostname="MJLT-1411" name="com.testScripts_mjunction.TC_SN_22VerifySanctionCreatorAfterReviewing" tests="1" failures="0" timestamp="10 Nov 2020 06:23:14 GMT" time="776.994" errors="0">
  <testcase name="f" time="776.994" classname="com.testScripts_mjunction.TC_SN_22VerifySanctionCreatorAfterReviewing"/>
</testsuite> <!-- com.testScripts_mjunction.TC_SN_22VerifySanctionCreatorAfterReviewing -->
