<?xml version="1.0" encoding="UTF-8"?>
<!-- Generated by org.testng.reporters.JUnitReportReporter -->
<testsuite skipped="0" hostname="MJLT-1411" name="com.testScripts_mjunction.TC_SN_03VerifyEndToEndWorkFlowOfSanctionNoteWithPredefineWorkFlowTest" tests="1" failures="0" timestamp="09 Nov 2020 06:39:49 GMT" time="1448.564" errors="0">
  <testcase name="f" time="1448.564" classname="com.testScripts_mjunction.TC_SN_03VerifyEndToEndWorkFlowOfSanctionNoteWithPredefineWorkFlowTest"/>
</testsuite> <!-- com.testScripts_mjunction.TC_SN_03VerifyEndToEndWorkFlowOfSanctionNoteWithPredefineWorkFlowTest -->
