<?xml version="1.0" encoding="UTF-8"?>
<!-- Generated by org.testng.reporters.JUnitReportReporter -->
<testsuite skipped="0" hostname="MJLT-1411" name="com.testScripts_mjunction.TG3_TC_Corrigendum_04_DateCorrigendum_withApproval_Closedstate" tests="1" failures="0" timestamp="16 Mar 2021 15:26:07 GMT" time="1294.172" errors="0">
  <testcase name="Date_Corrigendum_approval_closed_state_TG3" time="1294.172" classname="com.testScripts_mjunction.TG3_TC_Corrigendum_04_DateCorrigendum_withApproval_Closedstate"/>
</testsuite> <!-- com.testScripts_mjunction.TG3_TC_Corrigendum_04_DateCorrigendum_withApproval_Closedstate -->
