<?xml version="1.0" encoding="UTF-8"?>
<!-- Generated by org.testng.reporters.JUnitReportReporter -->
<testsuite skipped="0" hostname="MJLT-1411" name="com.testScripts_mjunction.TC_EPSPO_29ReOrderPOAfterLoginWithPOCreator" tests="1" failures="0" timestamp="19 Nov 2020 15:31:17 GMT" time="601.226" errors="0">
  <testcase name="f" time="601.226" classname="com.testScripts_mjunction.TC_EPSPO_29ReOrderPOAfterLoginWithPOCreator"/>
</testsuite> <!-- com.testScripts_mjunction.TC_EPSPO_29ReOrderPOAfterLoginWithPOCreator -->
