<?xml version="1.0" encoding="UTF-8"?>
<!-- Generated by org.testng.reporters.JUnitReportReporter -->
<testsuite skipped="0" hostname="MJLT-1563" name="com.testScripts_mjunction.TC_BidSubmission_07_verifying_Rebid_functionality" tests="1" failures="0" timestamp="2021-03-31T13:44:00 IST" time="1085.607" errors="0">
  <testcase name="Verifying_Rebid_functionality" time="1085.607" classname="com.testScripts_mjunction.TC_BidSubmission_07_verifying_Rebid_functionality"/>
</testsuite> <!-- com.testScripts_mjunction.TC_BidSubmission_07_verifying_Rebid_functionality -->
