<?xml version="1.0" encoding="UTF-8"?>
<!-- Generated by org.testng.reporters.JUnitReportReporter -->
<testsuite skipped="0" hostname="MJLT-1411" name="com.testScripts_mjunction.TG3_TC_BidSubmission_09_verifying_Withdraw_functionality" tests="1" failures="0" timestamp="19 Mar 2021 08:52:26 GMT" time="692.801" errors="0">
  <testcase name="Verifying_Withdrawbid_functionality_TG3" time="692.801" classname="com.testScripts_mjunction.TG3_TC_BidSubmission_09_verifying_Withdraw_functionality"/>
</testsuite> <!-- com.testScripts_mjunction.TG3_TC_BidSubmission_09_verifying_Withdraw_functionality -->
