<?xml version="1.0" encoding="UTF-8"?>
<!-- Generated by org.testng.reporters.JUnitReportReporter -->
<testsuite skipped="0" hostname="MJLT-1563" name="com.testScripts_mjunction.TC_TenderCreation_02_tender_reject_during_tender_approval" tests="1" failures="0" timestamp="2021-03-31T11:49:56 IST" time="965.141" errors="0">
  <testcase name="TenderReject_after_tender_approval" time="965.141" classname="com.testScripts_mjunction.TC_TenderCreation_02_tender_reject_during_tender_approval"/>
</testsuite> <!-- com.testScripts_mjunction.TC_TenderCreation_02_tender_reject_during_tender_approval -->
