<?xml version="1.0" encoding="UTF-8"?>
<!-- Generated by org.testng.reporters.JUnitReportReporter -->
<testsuite skipped="0" hostname="MJLT-1411" name="com.testScripts_mjunction.TC_Indent_01_Creation_with_approval" tests="1" failures="0" timestamp="29 Jan 2021 14:23:30 GMT" time="563.675" errors="0">
  <testcase name="Indent_creation_with_approval" time="563.675" classname="com.testScripts_mjunction.TC_Indent_01_Creation_with_approval"/>
</testsuite> <!-- com.testScripts_mjunction.TC_Indent_01_Creation_with_approval -->
