<?xml version="1.0" encoding="UTF-8"?>
<!-- Generated by org.testng.reporters.JUnitReportReporter -->
<testsuite skipped="0" hostname="MJLT-1411" name="com.testScripts_mjunction.TC_Indent_06_Assignment_Process_Assign_approver" tests="1" failures="0" timestamp="02 Feb 2021 08:33:59 GMT" time="531.391" errors="0">
  <testcase name="Verifying_indent_AssignmentProcess_assignApprover" time="531.391" classname="com.testScripts_mjunction.TC_Indent_06_Assignment_Process_Assign_approver"/>
</testsuite> <!-- com.testScripts_mjunction.TC_Indent_06_Assignment_Process_Assign_approver -->
