<?xml version="1.0" encoding="UTF-8"?>
<!-- Generated by org.testng.reporters.JUnitReportReporter -->
<testsuite skipped="0" hostname="MJLT-1411" name="com.testScripts_mjunction.TC_SN_21CreateSanctionNoteWithNoApproverAndStagePendingForApprover" tests="1" failures="0" timestamp="10 Nov 2020 05:20:52 GMT" time="437.491" errors="0">
  <testcase name="f" time="437.491" classname="com.testScripts_mjunction.TC_SN_21CreateSanctionNoteWithNoApproverAndStagePendingForApprover"/>
</testsuite> <!-- com.testScripts_mjunction.TC_SN_21CreateSanctionNoteWithNoApproverAndStagePendingForApprover -->
