<?xml version="1.0" encoding="UTF-8"?>
<!-- Generated by org.testng.reporters.JUnitReportReporter -->
<testsuite skipped="0" hostname="MJLT-1411" name="com.testScripts_mjunction.TC_EPS_PO_02UserDefinedApprovalTest" tests="1" failures="0" timestamp="08 Dec 2020 03:40:55 GMT" time="684.228" errors="0">
  <testcase name="f" time="684.228" classname="com.testScripts_mjunction.TC_EPS_PO_02UserDefinedApprovalTest"/>
</testsuite> <!-- com.testScripts_mjunction.TC_EPS_PO_02UserDefinedApprovalTest -->
