<?xml version="1.0" encoding="UTF-8"?>
<!-- Generated by org.testng.reporters.JUnitReportReporter -->
<testsuite skipped="0" hostname="MJLT-1563" name="com.testScripts_mjunction.TC_Evaluation_14_Openingapproval_Y_Evaluationapproval_N_RejectOnebidder" tests="1" failures="0" timestamp="2021-03-31T18:37:04 IST" time="3007.076" errors="0">
  <testcase name="Tender_Evaluation_with_OpeningApproval_Y_Evaluationapproval_N_RejectOnebidder" time="3007.076" classname="com.testScripts_mjunction.TC_Evaluation_14_Openingapproval_Y_Evaluationapproval_N_RejectOnebidder"/>
</testsuite> <!-- com.testScripts_mjunction.TC_Evaluation_14_Openingapproval_Y_Evaluationapproval_N_RejectOnebidder -->
