<?xml version="1.0" encoding="UTF-8"?>
<!-- Generated by org.testng.reporters.JUnitReportReporter -->
<testsuite skipped="0" hostname="MJLT-1411" name="com.testScripts_mjunction.TC_BidSubmission_08_verifying_Draftbid_functionality" tests="1" failures="0" timestamp="05 Jan 2021 14:57:35 GMT" time="1080.663" errors="0">
  <testcase name="Verifying_Draftbid_functionality" time="1080.663" classname="com.testScripts_mjunction.TC_BidSubmission_08_verifying_Draftbid_functionality"/>
</testsuite> <!-- com.testScripts_mjunction.TC_BidSubmission_08_verifying_Draftbid_functionality -->
