<?xml version="1.0" encoding="UTF-8"?>
<!-- Generated by org.testng.reporters.JUnitReportReporter -->
<testsuite skipped="0" hostname="MJLT-1563" name="com.testScripts_mjunction.TG1_TC_Indent_07_Assignment_Process_Revert_to_Indent_creator" tests="1" failures="0" timestamp="2021-03-30T13:40:30 IST" time="487.313" errors="0">
  <testcase name="Verifying_indent_AssignmentProcess_selfClaim_Revert_to_Indent_creator" time="487.313" classname="com.testScripts_mjunction.TG1_TC_Indent_07_Assignment_Process_Revert_to_Indent_creator"/>
</testsuite> <!-- com.testScripts_mjunction.TG1_TC_Indent_07_Assignment_Process_Revert_to_Indent_creator -->
