<?xml version="1.0" encoding="UTF-8"?>
<!-- Generated by org.testng.reporters.JUnitReportReporter -->
<testsuite skipped="0" hostname="MJLT-1411" name="com.testScripts_mjunction.TC_EPS_PO_31BuyerOrganizationShouldBeAbleToRecallPOTest" tests="1" failures="0" timestamp="19 Nov 2020 15:08:13 GMT" time="679.169" errors="0">
  <testcase name="f" time="679.169" classname="com.testScripts_mjunction.TC_EPS_PO_31BuyerOrganizationShouldBeAbleToRecallPOTest"/>
</testsuite> <!-- com.testScripts_mjunction.TC_EPS_PO_31BuyerOrganizationShouldBeAbleToRecallPOTest -->
