<?xml version="1.0" encoding="UTF-8"?>
<!-- Generated by org.testng.reporters.JUnitReportReporter -->
<testsuite skipped="0" hostname="MJLT-1411" name="com.testScripts_mjunction.TG3_TC_Evaluation_14_Openingapproval_Y_Evaluationapproval_N_RejectOnebidder" tests="1" failures="0" timestamp="26 Mar 2021 08:40:56 GMT" time="2794.313" errors="0">
  <testcase name="Tender_Evaluation_with_OpeningApproval_Y_Evaluationapproval_N_RejectOnebidder_TG3" time="2794.313" classname="com.testScripts_mjunction.TG3_TC_Evaluation_14_Openingapproval_Y_Evaluationapproval_N_RejectOnebidder"/>
</testsuite> <!-- com.testScripts_mjunction.TG3_TC_Evaluation_14_Openingapproval_Y_Evaluationapproval_N_RejectOnebidder -->
