<?xml version="1.0" encoding="UTF-8"?>
<!-- Generated by org.testng.reporters.JUnitReportReporter -->
<testsuite skipped="0" hostname="MJLT-1411" name="com.testScripts_mjunction.TC_PO_1_E2E_No_Approval" tests="1" failures="0" timestamp="18 Nov 2020 13:50:01 GMT" time="581.846" errors="0">
  <testcase name="f" time="581.846" classname="com.testScripts_mjunction.TC_PO_1_E2E_No_Approval"/>
</testsuite> <!-- com.testScripts_mjunction.TC_PO_1_E2E_No_Approval -->
