<?xml version="1.0" encoding="UTF-8"?>
<!-- Generated by org.testng.reporters.JUnitReportReporter -->
<testsuite skipped="0" hostname="MJLT-1411" name="com.testScripts_mjunction.TC_SN_01VerifyEndToEndWorkFlowOfSanctionNoteTest" tests="1" failures="0" timestamp="06 Nov 2020 05:41:08 GMT" time="453.145" errors="0">
  <testcase name="f" time="453.145" classname="com.testScripts_mjunction.TC_SN_01VerifyEndToEndWorkFlowOfSanctionNoteTest"/>
</testsuite> <!-- com.testScripts_mjunction.TC_SN_01VerifyEndToEndWorkFlowOfSanctionNoteTest -->
