<?xml version="1.0" encoding="UTF-8"?>
<!-- Generated by org.testng.reporters.JUnitReportReporter -->
<testsuite skipped="0" hostname="LAPTOP-VN95KBM3" name="com.testScripts_mjunction.TC_EVAL_09OpenTenderBidpart2EvaluateCover1andCover2withOnlyBidOpeningApprovalTest" tests="1" failures="0" timestamp="2020-04-01T12:10:01 IST" time="1619.412" errors="0">
  <testcase name="f" time="1619.412" classname="com.testScripts_mjunction.TC_EVAL_09OpenTenderBidpart2EvaluateCover1andCover2withOnlyBidOpeningApprovalTest"/>
  <system-out/>
</testsuite> <!-- com.testScripts_mjunction.TC_EVAL_09OpenTenderBidpart2EvaluateCover1andCover2withOnlyBidOpeningApprovalTest -->
