<?xml version="1.0" encoding="UTF-8"?>
<!-- Generated by org.testng.reporters.JUnitReportReporter -->
<testsuite skipped="0" hostname="MJLT-1411" name="com.testScripts_mjunction.TC_SN_45_CheckWorkFlowWithPredefinedUserHavingDOPActiveWithApprovalTypeSeqAndParallelTest" tests="1" failures="0" timestamp="13 Nov 2020 15:08:18 GMT" time="1177.607" errors="0">
  <testcase name="verifyPredefinedWorkFlowHavingInActiveDOP" time="1177.607" classname="com.testScripts_mjunction.TC_SN_45_CheckWorkFlowWithPredefinedUserHavingDOPActiveWithApprovalTypeSeqAndParallelTest"/>
</testsuite> <!-- com.testScripts_mjunction.TC_SN_45_CheckWorkFlowWithPredefinedUserHavingDOPActiveWithApprovalTypeSeqAndParallelTest -->
