<?xml version="1.0" encoding="UTF-8"?>
<!-- Generated by org.testng.reporters.JUnitReportReporter -->
<testsuite skipped="0" hostname="MJLT-1411" name="com.testScripts_mjunction.TG3_TC_TenderCreation_02_tender_reject_during_tender_approval" tests="1" failures="0" timestamp="16 Mar 2021 07:59:07 GMT" time="819.329" errors="0">
  <testcase name="TenderReject_after_tender_approval_TG3" time="819.329" classname="com.testScripts_mjunction.TG3_TC_TenderCreation_02_tender_reject_during_tender_approval"/>
</testsuite> <!-- com.testScripts_mjunction.TG3_TC_TenderCreation_02_tender_reject_during_tender_approval -->
