<?xml version="1.0" encoding="UTF-8"?>
<!-- Generated by org.testng.reporters.JUnitReportReporter -->
<testsuite skipped="0" hostname="LAPTOP-VN95KBM3" name="com.testScripts_mjunction.TC_EVAL_01OpenTenderNoApprovalCover1Test" tests="1" failures="0" timestamp="2020-03-30T18:41:21 IST" time="1416.945" errors="0">
  <testcase name="f" time="1416.945" classname="com.testScripts_mjunction.TC_EVAL_01OpenTenderNoApprovalCover1Test"/>
  <system-out/>
</testsuite> <!-- com.testScripts_mjunction.TC_EVAL_01OpenTenderNoApprovalCover1Test -->
