<?xml version="1.0" encoding="UTF-8"?>
<!-- Generated by org.testng.reporters.JUnitReportReporter -->
<testsuite skipped="0" hostname="MJLT-1411" name="com.testScripts_mjunction.TC_EPS_PO_26VerifyStatusInPOCreatorAndBidderLogin" tests="1" failures="0" timestamp="08 Dec 2020 04:08:30 GMT" time="627.633" errors="0">
  <testcase name="f" time="627.633" classname="com.testScripts_mjunction.TC_EPS_PO_26VerifyStatusInPOCreatorAndBidderLogin"/>
</testsuite> <!-- com.testScripts_mjunction.TC_EPS_PO_26VerifyStatusInPOCreatorAndBidderLogin -->
