<?xml version="1.0" encoding="UTF-8"?>
<!-- Generated by org.testng.reporters.JUnitReportReporter -->
<testsuite skipped="0" hostname="MJLT-1411" name="com.testScripts_mjunction.TC_Sanction_37_ValidateDOPListPageElementsTest" tests="1" failures="0" timestamp="13 Nov 2020 06:21:05 GMT" time="85.896" errors="0">
  <testcase name="validateDOpListPageColumnsNames" time="85.896" classname="com.testScripts_mjunction.TC_Sanction_37_ValidateDOPListPageElementsTest"/>
</testsuite> <!-- com.testScripts_mjunction.TC_Sanction_37_ValidateDOPListPageElementsTest -->
