<?xml version="1.0" encoding="UTF-8"?>
<!-- Generated by org.testng.reporters.JUnitReportReporter -->
<testsuite skipped="0" hostname="MJLT-1411" name="com.testScripts_mjunction.TG3_TC_Evaluation_15_Openingapproval_Y_Evaluationapproval_Y_RejectOnebidder" tests="1" failures="0" timestamp="26 Mar 2021 09:41:47 GMT" time="3001.928" errors="0">
  <testcase name="Tender_Evaluation_with_OpeningApproval_Y_Evaluationapproval_Y_RejectOnebidder_TG3" time="3001.928" classname="com.testScripts_mjunction.TG3_TC_Evaluation_15_Openingapproval_Y_Evaluationapproval_Y_RejectOnebidder"/>
</testsuite> <!-- com.testScripts_mjunction.TG3_TC_Evaluation_15_Openingapproval_Y_Evaluationapproval_Y_RejectOnebidder -->
