<?xml version="1.0" encoding="UTF-8"?>
<!-- Generated by org.testng.reporters.JUnitReportReporter -->
<testsuite skipped="0" hostname="MJLT-1563" name="com.testScripts_mjunction.TC_BidSubmission_06_BidSubmitted_withonebidder" tests="1" failures="0" timestamp="2021-03-31T13:24:51 IST" time="942.640" errors="0">
  <testcase name="Bid_submisison_with_onebidder" time="942.640" classname="com.testScripts_mjunction.TC_BidSubmission_06_BidSubmitted_withonebidder"/>
</testsuite> <!-- com.testScripts_mjunction.TC_BidSubmission_06_BidSubmitted_withonebidder -->
