<?xml version="1.0" encoding="UTF-8"?>
<!-- Generated by org.testng.reporters.JUnitReportReporter -->
<testsuite skipped="0" hostname="MJLT-1411" name="com.testScripts_mjunction.TG3_TC_Corrigendum_03_DateCorrigendum_withApproval_Livestate" tests="1" failures="0" timestamp="16 Mar 2021 15:00:33 GMT" time="1202.208" errors="0">
  <testcase name="Date_Corrigendum_approval_Live_state_TG3" time="1202.208" classname="com.testScripts_mjunction.TG3_TC_Corrigendum_03_DateCorrigendum_withApproval_Livestate"/>
</testsuite> <!-- com.testScripts_mjunction.TG3_TC_Corrigendum_03_DateCorrigendum_withApproval_Livestate -->
