<?xml version="1.0" encoding="UTF-8"?>
<!-- Generated by org.testng.reporters.JUnitReportReporter -->
<testsuite skipped="0" hostname="MJLT-1563" name="com.testScripts_mjunction.TC_Evaluation_11_Openingapproval_Y_Evaluationapproval_Y" tests="1" failures="0" timestamp="2021-03-31T16:17:54 IST" time="3246.252" errors="0">
  <testcase name="Tender_Evaluation_with_OpeningApproval_Y_Evaluationapproval_Y" time="3246.252" classname="com.testScripts_mjunction.TC_Evaluation_11_Openingapproval_Y_Evaluationapproval_Y"/>
</testsuite> <!-- com.testScripts_mjunction.TC_Evaluation_11_Openingapproval_Y_Evaluationapproval_Y -->
