<?xml version="1.0" encoding="UTF-8"?>
<!-- Generated by org.testng.reporters.JUnitReportReporter -->
<testsuite skipped="0" hostname="MJLT-1563" name="com.testScripts_mjunction.TG1_TC_BidSubmission_08_verifying_Draftbid_functionality" tests="1" failures="0" timestamp="2021-03-30T17:01:42 IST" time="1182.975" errors="0">
  <testcase name="Verifying_Draftbid_functionality" time="1182.975" classname="com.testScripts_mjunction.TG1_TC_BidSubmission_08_verifying_Draftbid_functionality"/>
</testsuite> <!-- com.testScripts_mjunction.TG1_TC_BidSubmission_08_verifying_Draftbid_functionality -->
