<?xml version="1.0" encoding="UTF-8"?>
<!-- Generated by org.testng.reporters.JUnitReportReporter -->
<testsuite skipped="0" hostname="MJLT-1563" name="com.testScripts_mjunction.TG1_TC_Evaluation_10_Openingapproval_Y_Evaluationapproval_N" tests="1" failures="0" timestamp="2021-03-30T18:31:13 IST" time="3544.073" errors="0">
  <testcase name="Tender_Evaluation_with_OpeningApproval_Y_Evaluationapproval_N" time="3544.073" classname="com.testScripts_mjunction.TG1_TC_Evaluation_10_Openingapproval_Y_Evaluationapproval_N"/>
</testsuite> <!-- com.testScripts_mjunction.TG1_TC_Evaluation_10_Openingapproval_Y_Evaluationapproval_N -->
