<?xml version="1.0" encoding="UTF-8"?>
<!-- Generated by org.testng.reporters.JUnitReportReporter -->
<testsuite skipped="0" hostname="MJLT-1411" name="com.testScripts_mjunction.Pre_conditionTestStepsForPurchaseOrder_SanctionNoteCreationTest" tests="1" failures="0" timestamp="18 Nov 2020 06:46:47 GMT" time="655.234" errors="0">
  <testcase name="sanctionNoteCreationWorkFlow" time="655.234" classname="com.testScripts_mjunction.Pre_conditionTestStepsForPurchaseOrder_SanctionNoteCreationTest"/>
</testsuite> <!-- com.testScripts_mjunction.Pre_conditionTestStepsForPurchaseOrder_SanctionNoteCreationTest -->
