<?xml version="1.0" encoding="UTF-8"?>
<!-- Generated by org.testng.reporters.JUnitReportReporter -->
<testsuite skipped="0" hostname="MJLT-1563" name="com.testScripts_mjunction.TG1_TC_BidSubmission_06_BidSubmitted_withonebidder" tests="1" failures="0" timestamp="2021-03-30T15:57:31 IST" time="1130.700" errors="0">
  <testcase name="Bid_submisison_with_onebidder" time="1130.700" classname="com.testScripts_mjunction.TG1_TC_BidSubmission_06_BidSubmitted_withonebidder"/>
</testsuite> <!-- com.testScripts_mjunction.TG1_TC_BidSubmission_06_BidSubmitted_withonebidder -->
