<?xml version="1.0" encoding="UTF-8"?>
<!-- Generated by org.testng.reporters.JUnitReportReporter -->
<testsuite skipped="0" hostname="MJLT-1411" name="com.testScripts_mjunction.TC_Sanction_35_DOPCreationTest" tests="1" failures="0" timestamp="13 Nov 2020 07:33:12 GMT" time="827.071" errors="0">
  <testcase name="validate_DopCreationFunctionality" time="827.071" classname="com.testScripts_mjunction.TC_Sanction_35_DOPCreationTest"/>
</testsuite> <!-- com.testScripts_mjunction.TC_Sanction_35_DOPCreationTest -->
