<?xml version="1.0" encoding="UTF-8"?>
<!-- Generated by org.testng.reporters.JUnitReportReporter -->
<testsuite skipped="0" hostname="MJLT-1411" name="com.testScripts_mjunction.TG3_TC_Evaluation_11_Openingapproval_Y_Evaluationapproval_Y" tests="1" failures="0" timestamp="26 Mar 2021 06:22:11 GMT" time="3115.310" errors="0">
  <testcase name="Tender_Evaluation_with_OpeningApproval_Y_Evaluationapproval_Y_TG3" time="3115.310" classname="com.testScripts_mjunction.TG3_TC_Evaluation_11_Openingapproval_Y_Evaluationapproval_Y"/>
</testsuite> <!-- com.testScripts_mjunction.TG3_TC_Evaluation_11_Openingapproval_Y_Evaluationapproval_Y -->
