<?xml version="1.0" encoding="UTF-8"?>
<!-- Generated by org.testng.reporters.JUnitReportReporter -->
<testsuite skipped="0" hostname="MJLT-1563" name="com.testScripts_mjunction.TG1_TC_Indent_08_Create_RFQ_from_Indent" tests="1" failures="0" timestamp="2021-03-30T13:51:25 IST" time="586.004" errors="0">
  <testcase name="Verifying_Create_TFQ_from_indent" time="586.004" classname="com.testScripts_mjunction.TG1_TC_Indent_08_Create_RFQ_from_Indent"/>
</testsuite> <!-- com.testScripts_mjunction.TG1_TC_Indent_08_Create_RFQ_from_Indent -->
