<?xml version="1.0" encoding="UTF-8"?>
<!-- Generated by org.testng.reporters.JUnitReportReporter -->
<testsuite skipped="0" hostname="LAPTOP-VN95KBM3" name="com.testScripts_mjunction.TC_Eval_02EvaluateOpenTenderWithCover1AndCover2" tests="1" failures="0" timestamp="2020-04-01T09:55:37 IST" time="1191.014" errors="0">
  <testcase name="f" time="1191.014" classname="com.testScripts_mjunction.TC_Eval_02EvaluateOpenTenderWithCover1AndCover2"/>
  <system-out/>
</testsuite> <!-- com.testScripts_mjunction.TC_Eval_02EvaluateOpenTenderWithCover1AndCover2 -->
