<?xml version="1.0" encoding="UTF-8"?>
<!-- Generated by org.testng.reporters.JUnitReportReporter -->
<testsuite skipped="0" hostname="MJLT-1411" name="com.testScripts_mjunction.TG1_TC_Evaluation_15_Openingapproval_Y_Evaluationapproval_Y_RejectOnebidder" tests="1" failures="0" timestamp="25 Feb 2021 12:40:42 GMT" time="3850.387" errors="0">
  <testcase name="Tender_Evaluation_with_OpeningApproval_Y_Evaluationapproval_Y_RejectOnebidder" time="3850.387" classname="com.testScripts_mjunction.TG1_TC_Evaluation_15_Openingapproval_Y_Evaluationapproval_Y_RejectOnebidder"/>
</testsuite> <!-- com.testScripts_mjunction.TG1_TC_Evaluation_15_Openingapproval_Y_Evaluationapproval_Y_RejectOnebidder -->
