<?xml version="1.0" encoding="UTF-8"?>
<!-- Generated by org.testng.reporters.JUnitReportReporter -->
<testsuite skipped="0" hostname="MJLT-1411" name="com.testScripts_mjunction.TG3_TC_Negotiation_16_Openingapproval_N_Evaluationapproval_Y_NegotiateOnebidder_ApproveTwobidder" tests="1" failures="0" timestamp="26 Mar 2021 11:03:30 GMT" time="3600.005" errors="0">
  <testcase name="Tender_Evaluation_with_OpeningApproval_N_Evaluationapproval_Y_NegotiateOnebidder_ApproveTwobidder_TG3" time="3600.005" classname="com.testScripts_mjunction.TG3_TC_Negotiation_16_Openingapproval_N_Evaluationapproval_Y_NegotiateOnebidder_ApproveTwobidder"/>
</testsuite> <!-- com.testScripts_mjunction.TG3_TC_Negotiation_16_Openingapproval_N_Evaluationapproval_Y_NegotiateOnebidder_ApproveTwobidder -->
