<?xml version="1.0" encoding="UTF-8"?>
<!-- Generated by org.testng.reporters.JUnitReportReporter -->
<testsuite skipped="0" hostname="MJLT-1411" name="com.testScripts_mjunction.TG1_TC_Negotiation_17_Openingapproval_N_Evaluationapproval_N_NegotiateTwobidder_RejectOnebidder" tests="1" failures="0" timestamp="25 Feb 2021 11:00:02 GMT" time="4767.357" errors="0">
  <testcase name="Tender_Evaluation_with_OpeningApproval_N_Evaluationapproval_N_NegotiateTwobidder_RejectOnebidder" time="4767.357" classname="com.testScripts_mjunction.TG1_TC_Negotiation_17_Openingapproval_N_Evaluationapproval_N_NegotiateTwobidder_RejectOnebidder"/>
</testsuite> <!-- com.testScripts_mjunction.TG1_TC_Negotiation_17_Openingapproval_N_Evaluationapproval_N_NegotiateTwobidder_RejectOnebidder -->
