<?xml version="1.0" encoding="UTF-8"?>
<!-- Generated by org.testng.reporters.JUnitReportReporter -->
<testsuite skipped="0" hostname="MJLT-1411" name="com.testScripts_mjunction.TC_Indent_08_Create_RFQ_from_Indent" tests="1" failures="0" timestamp="04 Feb 2021 15:42:36 GMT" time="633.791" errors="0">
  <testcase name="Verifying_Create_TFQ_from_indent" time="633.791" classname="com.testScripts_mjunction.TC_Indent_08_Create_RFQ_from_Indent"/>
</testsuite> <!-- com.testScripts_mjunction.TC_Indent_08_Create_RFQ_from_Indent -->
