<?xml version="1.0" encoding="UTF-8"?>
<!-- Generated by org.testng.reporters.JUnitReportReporter -->
<testsuite skipped="0" hostname="MJLT-1411" name="com.testScripts_mjunction.TC_EPSPO_30LoginWithPOCreatorAndClonePO" tests="1" failures="0" timestamp="19 Nov 2020 15:17:53 GMT" time="479.866" errors="0">
  <testcase name="f" time="479.866" classname="com.testScripts_mjunction.TC_EPSPO_30LoginWithPOCreatorAndClonePO"/>
</testsuite> <!-- com.testScripts_mjunction.TC_EPSPO_30LoginWithPOCreatorAndClonePO -->
