<?xml version="1.0" encoding="UTF-8"?>
<!-- Generated by org.testng.reporters.JUnitReportReporter -->
<testsuite skipped="0" hostname="MJLT-1411" name="com.testScripts_mjunction.TC_SN_04SanctionNoteSelectionFunctionalityTest" tests="1" failures="0" timestamp="09 Nov 2020 07:13:46 GMT" time="88.277" errors="0">
  <testcase name="f" time="88.277" classname="com.testScripts_mjunction.TC_SN_04SanctionNoteSelectionFunctionalityTest"/>
</testsuite> <!-- com.testScripts_mjunction.TC_SN_04SanctionNoteSelectionFunctionalityTest -->
