<?xml version="1.0" encoding="UTF-8"?>
<!-- Generated by org.testng.reporters.JUnitReportReporter -->
<testsuite skipped="0" hostname="LAPTOP-VN95KBM3" name="com.testScripts_mjunction.TC_Eval_04_EvaluationWorkFlowWithApprovalRequiredForBidPart1Test" tests="1" failures="0" timestamp="2020-04-02T13:15:02 IST" time="1551.359" errors="0">
  <testcase name="f" time="1551.359" classname="com.testScripts_mjunction.TC_Eval_04_EvaluationWorkFlowWithApprovalRequiredForBidPart1Test"/>
  <system-out/>
</testsuite> <!-- com.testScripts_mjunction.TC_Eval_04_EvaluationWorkFlowWithApprovalRequiredForBidPart1Test -->
