<?xml version="1.0" encoding="UTF-8"?>
<!-- Generated by org.testng.reporters.JUnitReportReporter -->
<testsuite skipped="0" hostname="MJLT-1411" name="com.testScripts_mjunction.TC_SN_16VerifyRFQIdInCompletedTenderListWithPublishTenderStatus" tests="1" failures="0" timestamp="12 Nov 2020 06:09:53 GMT" time="517.199" errors="0">
  <testcase name="f" time="517.199" classname="com.testScripts_mjunction.TC_SN_16VerifyRFQIdInCompletedTenderListWithPublishTenderStatus"/>
</testsuite> <!-- com.testScripts_mjunction.TC_SN_16VerifyRFQIdInCompletedTenderListWithPublishTenderStatus -->
