<?xml version="1.0" encoding="UTF-8"?>
<!-- Generated by org.testng.reporters.JUnitReportReporter -->
<testsuite skipped="0" hostname="MJLT-1563" name="com.testScripts_mjunction.TC_Corrigendum_04_DateCorrigendum_withApproval_Closedstate" tests="1" failures="0" timestamp="2021-03-31T12:43:52 IST" time="1486.782" errors="0">
  <testcase name="Date_Corrigendum_approval_closed_state" time="1486.782" classname="com.testScripts_mjunction.TC_Corrigendum_04_DateCorrigendum_withApproval_Closedstate"/>
</testsuite> <!-- com.testScripts_mjunction.TC_Corrigendum_04_DateCorrigendum_withApproval_Closedstate -->
