<?xml version="1.0" encoding="UTF-8"?>
<!-- Generated by org.testng.reporters.JUnitReportReporter -->
<testsuite skipped="0" hostname="MJLT-1563" name="com.testScripts_mjunction.TG1_TC_Indent_04_Mark_for_RFQ_functionality" tests="1" failures="0" timestamp="2021-03-30T12:48:37 IST" time="351.234" errors="0">
  <testcase name="Verifying_indent_MarkForRFQ_functionality" time="351.234" classname="com.testScripts_mjunction.TG1_TC_Indent_04_Mark_for_RFQ_functionality"/>
</testsuite> <!-- com.testScripts_mjunction.TG1_TC_Indent_04_Mark_for_RFQ_functionality -->
