<?xml version="1.0" encoding="UTF-8"?>
<!-- Generated by org.testng.reporters.JUnitReportReporter -->
<testsuite skipped="0" hostname="MJLT-1411" name="com.testScripts_mjunction.TC_Indent_03_Creation_with_approval_Reviewed_to_creator" tests="1" failures="0" timestamp="29 Jan 2021 16:20:03 GMT" time="602.044" errors="0">
  <testcase name="Indent_creation_with_approval_Reviewed" time="602.044" classname="com.testScripts_mjunction.TC_Indent_03_Creation_with_approval_Reviewed_to_creator"/>
</testsuite> <!-- com.testScripts_mjunction.TC_Indent_03_Creation_with_approval_Reviewed_to_creator -->
