<?xml version="1.0" encoding="UTF-8"?>
<!-- Generated by org.testng.reporters.JUnitReportReporter -->
<testsuite skipped="0" hostname="MJLT-1411" name="com.testScripts_mjunction.TG3_TC_BidSubmission_06_BidSubmitted_withonebidder" tests="1" failures="0" timestamp="25 Mar 2021 07:46:37 GMT" time="619.533" errors="0">
  <testcase name="Bid_submisison_with_onebidder_TG3" time="619.533" classname="com.testScripts_mjunction.TG3_TC_BidSubmission_06_BidSubmitted_withonebidder"/>
</testsuite> <!-- com.testScripts_mjunction.TG3_TC_BidSubmission_06_BidSubmitted_withonebidder -->
