<?xml version="1.0" encoding="UTF-8"?>
<!-- Generated by org.testng.reporters.JUnitReportReporter -->
<testsuite skipped="0" hostname="MJLT-1563" name="com.testScripts_mjunction.TG1_TC_Indent_02_Creation_with_No_approval" tests="1" failures="0" timestamp="2021-03-30T12:21:08 IST" time="318.457" errors="0">
  <testcase name="Indent_creation_with_No_approval" time="318.457" classname="com.testScripts_mjunction.TG1_TC_Indent_02_Creation_with_No_approval"/>
</testsuite> <!-- com.testScripts_mjunction.TG1_TC_Indent_02_Creation_with_No_approval -->
