<?xml version="1.0" encoding="UTF-8"?>
<!-- Generated by org.testng.reporters.JUnitReportReporter -->
<testsuite skipped="0" hostname="MJLT-1563" name="com.testScripts_mjunction.TC_Corrigendum_05_DateCorrigendum_withApprovalReview_Closedstate" tests="1" failures="0" timestamp="2021-03-31T13:04:43 IST" time="1194.711" errors="0">
  <testcase name="Date_Corrigendum_approval_review_closed_state" time="1194.711" classname="com.testScripts_mjunction.TC_Corrigendum_05_DateCorrigendum_withApprovalReview_Closedstate"/>
</testsuite> <!-- com.testScripts_mjunction.TC_Corrigendum_05_DateCorrigendum_withApprovalReview_Closedstate -->
