<?xml version="1.0" encoding="UTF-8"?>
<!-- Generated by org.testng.reporters.JUnitReportReporter -->
<testsuite skipped="0" hostname="MJLT-1411" name="com.testScripts_mjunction.TC_Sanction_36_VerifyDOPCreationFunctionalityTest" tests="1" failures="0" timestamp="13 Nov 2020 07:49:35 GMT" time="826.559" errors="0">
  <testcase name="validate_Respective_DopCreationFunctionality_Adding_In_DOPList" time="826.559" classname="com.testScripts_mjunction.TC_Sanction_36_VerifyDOPCreationFunctionalityTest"/>
</testsuite> <!-- com.testScripts_mjunction.TC_Sanction_36_VerifyDOPCreationFunctionalityTest -->
