<?xml version="1.0" encoding="UTF-8"?>
<!-- Generated by org.testng.reporters.JUnitReportReporter -->
<testsuite skipped="0" hostname="MJLT-1411" name="com.testScripts_mjunction.TC_Indent_04_Mark_for_RFQ_functionality" tests="1" failures="0" timestamp="01 Feb 2021 06:27:50 GMT" time="366.846" errors="0">
  <testcase name="Verifying_indent_MarkForRFQ_functionality" time="366.846" classname="com.testScripts_mjunction.TC_Indent_04_Mark_for_RFQ_functionality"/>
</testsuite> <!-- com.testScripts_mjunction.TC_Indent_04_Mark_for_RFQ_functionality -->
