<?xml version="1.0" encoding="UTF-8"?>
<!-- Generated by org.testng.reporters.JUnitReportReporter -->
<testsuite skipped="0" hostname="MJLT-1411" name="com.testScripts_mjunction.TG3_TC_Evaluation_12_Openingapproval_N_Evaluationapproval_Y" tests="1" failures="0" timestamp="26 Mar 2021 07:06:39 GMT" time="2493.615" errors="0">
  <testcase name="Tender_Evaluation_with_OpeningApproval_N_Evaluationapproval_Y_TG3" time="2493.615" classname="com.testScripts_mjunction.TG3_TC_Evaluation_12_Openingapproval_N_Evaluationapproval_Y"/>
</testsuite> <!-- com.testScripts_mjunction.TG3_TC_Evaluation_12_Openingapproval_N_Evaluationapproval_Y -->
