<?xml version="1.0" encoding="UTF-8"?>
<!-- Generated by org.testng.reporters.JUnitReportReporter -->
<testsuite skipped="0" hostname="MJLT-1411" name="com.testScripts_mjunction.TG3_TC_BidSubmission_08_verifying_Draftbid_functionality" tests="1" failures="0" timestamp="19 Mar 2021 08:24:00 GMT" time="691.923" errors="0">
  <testcase name="Verifying_Draftbid_functionality_TG3" time="691.923" classname="com.testScripts_mjunction.TG3_TC_BidSubmission_08_verifying_Draftbid_functionality"/>
</testsuite> <!-- com.testScripts_mjunction.TG3_TC_BidSubmission_08_verifying_Draftbid_functionality -->
