<?xml version="1.0" encoding="UTF-8"?>
<!-- Generated by org.testng.reporters.JUnitReportReporter -->
<testsuite skipped="0" hostname="LAPTOP-VN95KBM3" name="com.testScripts_mjunction.TC_Bid_S_01OpenTenderMultipleVendorTest" tests="1" failures="0" timestamp="2020-03-21T17:12:57 IST" time="633.115" errors="0">
  <testcase name="f" time="633.115" classname="com.testScripts_mjunction.TC_Bid_S_01OpenTenderMultipleVendorTest"/>
  <system-out/>
</testsuite> <!-- com.testScripts_mjunction.TC_Bid_S_01OpenTenderMultipleVendorTest -->
